[debug] > Exec(early(addDefaultCommands), None, None)
[debug] > Exec(addDefaultCommands, None, None)
[debug] > Exec(early(initialize), None, None)
[debug] > Exec(initialize, None, None)
[debug] > Exec(boot, None, None)
[debug] > Exec(writeSbtVersion, None, None)
[debug] > Exec(reload, None, None)
[debug] > Exec(sbtStashOnFailure, None, None)
[debug] > Exec(onFailure loadFailed, None, None)
[debug] > Exec(loadp, None, None)
[info] welcome to sbt 1.8.2 (Oracle Corporation Java 17.0.6)
[debug] Load.defaultLoad until apply took 121.7087ms
[debug]           Load.loadUnit: plugins took 110.672601ms
[debug]           Load.loadUnit: defsScala took 0.644599ms
[debug] [Loading] Scanning directory C:\Users\Usuario\Desktop\ScalaCandyCrush\Parte 3\ScalaCandyCrush\project
[debug] [Loading] Found non-root projects 
[debug] [Loading] Done in C:\Users\Usuario\Desktop\ScalaCandyCrush\Parte 3\ScalaCandyCrush\project, returning: ()
[debug] deducing auto plugins based on known facts Set(Atom(sbt.plugins.CorePlugin)) and clauses Clauses(Clause(Atom(sbt.plugins.JvmPlugin),Set(Atom(sbt.plugins.IvyPlugin)))
[debug] Clause(Atom(sbt.ScriptedPlugin),Set(Atom(sbt.plugins.JvmPlugin)))
[debug] Clause(Atom(sbt.plugins.SbtPlugin),Set(Atom(sbt.ScriptedPlugin)))
[debug] Clause(Atom(sbt.plugins.SemanticdbPlugin),Set(Atom(sbt.plugins.JvmPlugin)))
[debug] Clause(Atom(sbt.plugins.JUnitXmlReportPlugin),Set(Atom(sbt.plugins.JvmPlugin)))
[debug] Clause(Atom(sbt.plugins.MiniDependencyTreePlugin),Set(Atom(sbt.plugins.JvmPlugin)))
[debug] Clause(Atom(sbt.plugins.CorePlugin),Set(Atom(sbt.plugins.IvyPlugin)))
[debug] Clause(Atom(sbt.plugins.IvyPlugin),Set(Atom(sbt.plugins.JvmPlugin)))
[debug] Clause(Atom(sbt.plugins.JvmPlugin),Set(Atom(sbt.plugins.SemanticdbPlugin)))
[debug] Clause(Atom(sbt.plugins.JvmPlugin),Set(Atom(sbt.plugins.JUnitXmlReportPlugin)))
[debug] Clause(Atom(sbt.plugins.CorePlugin),Set(Atom(sbt.plugins.Giter8TemplatePlugin)))
[debug] Clause(Atom(sbt.plugins.JvmPlugin),Set(Atom(sbt.plugins.MiniDependencyTreePlugin))))
[debug]   :: deduced result: Matched(sbt.plugins.CorePlugin,sbt.plugins.Giter8TemplatePlugin,sbt.plugins.IvyPlugin,sbt.plugins.JvmPlugin,sbt.plugins.MiniDependencyTreePlugin,sbt.plugins.JUnitXmlReportPlugin,sbt.plugins.SemanticdbPlugin)
[debug] Plugins.deducer#function took 14.660701 ms
[debug]               Load.resolveProject(scalacandycrush-build) took 33.2128ms
[debug]             Load.loadTransitive: finalizeProject(Project(id scalacandycrush-build, base: C:\Users\Usuario\Desktop\ScalaCandyCrush\Parte 3\ScalaCandyCrush\project, plugins: List(<none>))) took 62.588ms
[debug] [Loading] Done in C:\Users\Usuario\Desktop\ScalaCandyCrush\Parte 3\ScalaCandyCrush\project, returning: (scalacandycrush-build)
[debug]           Load.loadUnit: loadedProjectsRaw took 94.3856ms
[debug]           Load.loadUnit: cleanEvalClasses took 0.164901ms
[debug]         Load.loadUnit(file:/C:/Users/Usuario/Desktop/ScalaCandyCrush/Parte%203/ScalaCandyCrush/project/, ...) took 213.3992ms
[debug]       Load.apply: load took 362.555ms
[debug]       Load.apply: resolveProjects took 4.002901ms
[debug]       Load.apply: finalTransforms took 41.4764ms
[debug]       Load.apply: config.delegates took 5.656701ms
[debug]       Load.apply: Def.make(settings)... took 356.8349ms
[debug]       Load.apply: structureIndex took 102.409901ms
[debug]       Load.apply: mkStreams took 2.377099ms
[info] loading project definition from C:\Users\Usuario\Desktop\ScalaCandyCrush\Parte 3\ScalaCandyCrush\project
[debug] Running task... Cancel: Signal, check cycles: false, forcegc: true
[debug]     Load.loadUnit: plugins took 2093.6571ms
[debug]     Load.loadUnit: defsScala took 0.001799ms
[debug] [Loading] Scanning directory C:\Users\Usuario\Desktop\ScalaCandyCrush\Parte 3\ScalaCandyCrush
[debug]       Load.loadUnit: mkEval took 3.276001ms
