[debug] > Exec(run -m 1 3 3, None, None)
[debug] Evaluating tasks: Compile / run
[debug] Running task... Cancel: Signal, check cycles: false, forcegc: true
[info] compiling 2 Scala sources to C:\Users\Pablo\Desktop\ScalaCandyCrush\target\scala-2.13\classes ...
[warn] 1 deprecation (since 2.13.0); re-run with -deprecation for details
[warn] one warning found
[info] done compiling
[error] java.util.NoSuchElementException: head of empty list
[error] 	at scala.collection.immutable.Nil$.head(List.scala:662)
[error] 	at scala.collection.immutable.Nil$.head(List.scala:661)
[error] 	at Main$.main(Main.scala:9)
[error] 	at Main.main(Main.scala)
[error] 	at java.base/jdk.internal.reflect.NativeMethodAccessorImpl.invoke0(Native Method)
[error] 	at java.base/jdk.internal.reflect.NativeMethodAccessorImpl.invoke(NativeMethodAccessorImpl.java:64)
[error] 	at java.base/jdk.internal.reflect.DelegatingMethodAccessorImpl.invoke(DelegatingMethodAccessorImpl.java:43)
[error] 	at java.base/java.lang.reflect.Method.invoke(Method.java:564)
[error] 	at sbt.Run.invokeMain(Run.scala:143)
[error] 	at sbt.Run.execute$1(Run.scala:93)
[error] 	at sbt.Run.$anonfun$runWithLoader$5(Run.scala:120)
[error] 	at sbt.Run$.executeSuccess(Run.scala:186)
[error] 	at sbt.Run.runWithLoader(Run.scala:120)
[error] 	at sbt.Defaults$.$anonfun$bgRunTask$6(Defaults.scala:1980)
[error] 	at sbt.Defaults$.$anonfun$termWrapper$2(Defaults.scala:1919)
[error] 	at scala.runtime.java8.JFunction0$mcV$sp.apply(JFunction0$mcV$sp.java:23)
[error] 	at scala.util.Try$.apply(Try.scala:213)
[error] 	at sbt.internal.BackgroundThreadPool$BackgroundRunnable.run(DefaultBackgroundJobService.scala:366)
[error] 	at java.base/java.util.concurrent.ThreadPoolExecutor.runWorker(ThreadPoolExecutor.java:1130)
[error] 	at java.base/java.util.concurrent.ThreadPoolExecutor$Worker.run(ThreadPoolExecutor.java:630)
[error] 	at java.base/java.lang.Thread.run(Thread.java:832)
[error] (Compile / run) java.util.NoSuchElementException: head of empty list
[error] Total time: 0 s, completed 5 abr. 2023 21:11:37
[debug] > Exec(idea-shell, None, None)
